<?xml version="1.0" encoding="utf-8"?><testsuites name="pytest tests"><testsuite name="pytest" errors="0" failures="0" skipped="0" tests="30" time="28.133" timestamp="2026-05-23T17:38:52.243183+00:00" hostname="agent-env-08fc6ebe-801b-43d6-8e73-c2ccf575bfde"><testcase classname="backend.tests.backend_test" name="test_health" time="2.882" /><testcase classname="backend.tests.backend_test.TestAuth" name="test_register_returns_token_and_user" time="0.476" /><testcase classname="backend.tests.backend_test.TestAuth" name="test_login_admin" time="0.426" /><testcase classname="backend.tests.backend_test.TestAuth" name="test_login_invalid" time="0.458" /><testcase classname="backend.tests.backend_test.TestAuth" name="test_me" time="0.168" /><testcase classname="backend.tests.backend_test.TestAuth" name="test_me_unauthenticated" time="0.168" /><testcase classname="backend.tests.backend_test.TestAuth" name="test_logout" time="0.153" /><testcase classname="backend.tests.backend_test.TestOnboarding" name="test_submit_onboarding" time="0.195" /><testcase classname="backend.tests.backend_test.TestTasks" name="test_full_crud" time="0.285" /><testcase classname="backend.tests.backend_test.TestTasks" name="test_quick_capture" time="2.540" /><testcase classname="backend.tests.backend_test.TestHabits" name="test_full_flow" time="0.243" /><testcase classname="backend.tests.backend_test.TestEvents" name="test_full_flow" time="0.169" /><testcase classname="backend.tests.backend_test.TestFocus" name="test_start_complete_today" time="0.175" /><testcase classname="backend.tests.backend_test.TestReviews" name="test_save_and_list" time="0.109" /><testcase classname="backend.tests.backend_test.TestReviews" name="test_summary" time="0.060" /><testcase classname="backend.tests.backend_test.TestAI" name="test_chat" time="1.691" /><testcase classname="backend.tests.backend_test.TestAI" name="test_prioritize" time="2.373" /><testcase classname="backend.tests.backend_test.TestAI" name="test_plan_day" time="2.536" /><testcase classname="backend.tests.backend_test.TestAI" name="test_weekly_insight" time="3.113" /><testcase classname="backend.tests.backend_test.TestStreak" name="test_streak_shape" time="0.066" /><testcase classname="backend.tests.backend_test.TestMomentum" name="test_momentum_shape" time="0.066" /><testcase classname="backend.tests.backend_test.TestOverloadCheck" name="test_overload_shape" time="0.055" /><testcase classname="backend.tests.backend_test.TestAutoPlan" name="test_auto_plan_creates_focus_events_no_duplicates" time="0.630" /><testcase classname="backend.tests.backend_test.TestWeeklyCompare" name="test_compare_shape" time="0.064" /><testcase classname="backend.tests.backend_test.TestShutdownRitual" name="test_save_and_list" time="0.165" /><testcase classname="backend.tests.backend_test.TestBilling" name="test_dev_override_and_restore" time="0.283" /><testcase classname="backend.tests.backend_test.TestBilling" name="test_create_checkout_mock" time="0.054" /><testcase classname="backend.tests.backend_test.TestTightenedAIPrompts" name="test_prioritize_reasoning_is_short" time="2.303" /><testcase classname="backend.tests.backend_test.TestTightenedAIPrompts" name="test_plan_day_returns_bullets" time="2.913" /><testcase classname="backend.tests.backend_test.TestTightenedAIPrompts" name="test_weekly_insight_short" time="2.680" /></testsuite></testsuites>