<?xml version="1.0" encoding="utf-8"?><testsuites name="pytest tests"><testsuite name="pytest" errors="0" failures="0" skipped="0" tests="19" time="30.906" timestamp="2026-05-23T17:10:41.319924+00:00" hostname="agent-env-08fc6ebe-801b-43d6-8e73-c2ccf575bfde"><testcase classname="backend.tests.backend_test" name="test_health" time="1.642" /><testcase classname="backend.tests.backend_test.TestAuth" name="test_register_returns_token_and_user" time="0.487" /><testcase classname="backend.tests.backend_test.TestAuth" name="test_login_admin" time="0.458" /><testcase classname="backend.tests.backend_test.TestAuth" name="test_login_invalid" time="0.445" /><testcase classname="backend.tests.backend_test.TestAuth" name="test_me" time="0.164" /><testcase classname="backend.tests.backend_test.TestAuth" name="test_me_unauthenticated" time="0.220" /><testcase classname="backend.tests.backend_test.TestAuth" name="test_logout" time="0.168" /><testcase classname="backend.tests.backend_test.TestOnboarding" name="test_submit_onboarding" time="0.234" /><testcase classname="backend.tests.backend_test.TestTasks" name="test_full_crud" time="0.291" /><testcase classname="backend.tests.backend_test.TestTasks" name="test_quick_capture" time="2.470" /><testcase classname="backend.tests.backend_test.TestHabits" name="test_full_flow" time="0.242" /><testcase classname="backend.tests.backend_test.TestEvents" name="test_full_flow" time="0.173" /><testcase classname="backend.tests.backend_test.TestFocus" name="test_start_complete_today" time="0.177" /><testcase classname="backend.tests.backend_test.TestReviews" name="test_save_and_list" time="0.111" /><testcase classname="backend.tests.backend_test.TestReviews" name="test_summary" time="0.066" /><testcase classname="backend.tests.backend_test.TestAI" name="test_chat" time="1.744" /><testcase classname="backend.tests.backend_test.TestAI" name="test_prioritize" time="6.589" /><testcase classname="backend.tests.backend_test.TestAI" name="test_plan_day" time="9.273" /><testcase classname="backend.tests.backend_test.TestAI" name="test_weekly_insight" time="5.496" /></testsuite></testsuites>